
R version 3.2.2 (2015-08-14) -- "Fire Safety"
Copyright (C) 2015 The R Foundation for Statistical Computing
Platform: x86_64-redhat-linux-gnu (64-bit)

R is free software and comes with ABSOLUTELY NO WARRANTY.
You are welcome to redistribute it under certain conditions.
Type 'license()' or 'licence()' for distribution details.

  Natural language support but running in an English locale

R is a collaborative project with many contributors.
Type 'contributors()' for more information and
'citation()' on how to cite R or R packages in publications.

Type 'demo()' for some demos, 'help()' for on-line help, or
'help.start()' for an HTML browser interface to help.
Type 'q()' to quit R.

> library("RESS")                     # load Essentia's R Integration package
> 
> # call capture.essentia to execute the essentia statements written in queryapache.sh and save them to R dataframes command1 through command4
> capture.essentia("queryapache.sh")
[1] queryapache.sh
Levels: queryapache.sh
[1] "queryapache.sh"
[1] "# This first query exports the data from a vector in the database that contains the counts over each month so that it can be read into an R dataframe."
[1] "ess exec \"aq_udb -exp logsapache3:vector3\""
     month pagecount hitcount  pagebytes
1 November    243618   293783 3549767702
2 December     38211    47784  902886393
[1] "---------------- There are a total of 2 Rows ----------------"
[1] "# The next three statements export the day, day of the week, and hour vectors from their respective databases, ordering the output by the number of pages seen (in descending order). "
[1] "# R will capture the output of each command into an R dataframe."
[1] "ess exec \"aq_udb -exp logsapache1:vector1 -sort,dec pagecount\""
   day pagecount hitcount pagebytes
1   09     51272    52406 641433060
2   08     28181    29268 764523149
3   07     27271    30359 686445597
4   04     23752    27813 809556874
5   28     21717    22855 131901737
6   05     18829    23812 792291499
7   03     13673    17196 724356846
8   06     12356    15174 688806794
9   27     11045    12308 114486372
10  02      7532    10160 236385272
[1] "---------------- There are a total of 30 Rows ----------------"
[1] "---------------- Output Stored in command2 ----------------"
[1] "ess exec \"aq_udb -exp logsapache4:vector4 -sort,dec pagecount\""
  dayoftheweek pagecount hitcount  pagebytes
1          Sun     67218    71779 1113263167
2          Fri     63627    73925 1164624423
3          Thu     41916    50022 1091933937
4          Sat     41353    46438 1217706021
5          Tue     24715    35066 1194534752
6          Wed     22290    33265 1219445385
7          Mon     20710    31072 1746113706
[1] "---------------- There are a total of 7 Rows ----------------"
[1] "---------------- Output Stored in command3 ----------------"
[1] "ess exec \"aq_udb -exp logsapache2:vector2 -sort,dec pagecount\""
   hour pagecount hitcount pagebytes
1    04     14289    17230 370845946
2    06     13792    16091 397147079
3    05     13756    16173 302177884
4    03     13652    16239 343625185
5    02     13649    16642 355244764
6    07     13570    16388 331616561
7    08     13224    15392 387916661
8    19     13132    15453 405347215
9    20     13087    15936 329985055
10   21     12973    15783 352039022
[1] "---------------- There are a total of 24 Rows ----------------"
[1] "---------------- Output Stored in command4 ----------------"
[1] "---------------- First Command's Output Stored in command1 ----------------"
[1] "---------------- There are a total of 4 commands ----------------"
> 
> # run the R commands written in analyzeapache.R to analyze the data in the dataframes we just created. Turn echo to TRUE to make the output less results-oriented and easier to debug.
> source("analyzeapache.R", echo=FALSE)
     month pagecount hitcount  pagebytes
1 November    243618   293783 3549767702
2 December     38211    47784  902886393
   day pagecount hitcount pagebytes
23  01      2788     4386 154091276
10  02      7532    10160 236385272
7   03     13673    17196 724356846
4   04     23752    27813 809556874
6   05     18829    23812 792291499
8   06     12356    15174 688806794
3   07     27271    30359 686445597
2   08     28181    29268 764523149
1   09     51272    52406 641433060
25  10      2725     5126 739684172
26  11      2668     4389 106119845
29  12      2577     4296 109920791
12  13      5715     7279 121505543
18  14      3226     5417 148449839
14  15      4292     5460 135443502
13  16      4398     5102 124902963
16  17      3247     5803 180802538
19  18      3185     5597 187556807
17  19      3245     5544 149660748
30  20      1925     3469  86318209
22  21      2949     5502 126993093
24  22      2729     3567  90336055
15  23      3297     3893  80636384
27  24      2661     4617 109080792
11  25      5849     7771 111589388
21  26      2959     4839 117710784
9   27     11045    12308 114486372
5   28     21717    22855 131901737
20  29      3123     4313 129969725
28  30      2643     3846 146661737
  dayoftheweek pagecount hitcount  pagebytes
1          Sun     67218    71779 1113263167
7          Mon     20710    31072 1746113706
5          Tue     24715    35066 1194534752
6          Wed     22290    33265 1219445385
3          Thu     41916    50022 1091933937
2          Fri     63627    73925 1164624423
4          Sat     41353    46438 1217706021
   hour pagecount hitcount pagebytes
14   00     12027    14827 356924004
12   01     12218    15526 332522451
5    02     13649    16642 355244764
4    03     13652    16239 343625185
1    04     14289    17230 370845946
3    05     13756    16173 302177884
2    06     13792    16091 397147079
6    07     13570    16388 331616561
7    08     13224    15392 387916661
11   09     12895    14557 358790618
13   10     12080    14419 380911463
23   11      7465     9378 370592197
24   12      7207     9069 295720036
22   13      8908    10725 330836991
19   14     10108    12533 310158577
20   15      9632    12490 416867724
21   16      9336    12313 473924864
18   17     10553    12581 535608335
15   18     11673    14036 424887202
8    19     13132    15453 405347215
9    20     13087    15936 329985055
10   21     12973    15783 352039022
17   22     11206    13769 266744343
16   23     11397    14017 317187214
> 
