ip-10-0-0-233: Stopping udbd-10010 (1697).
ip-10-0-0-233: udbd-10010 stopped.
ip-10-0-0-233: Starting udbd-10010.
ip-10-0-0-233: Starting udbd-10011.
ip-10-0-0-233: Starting udbd-10012.
ip-10-0-0-233: Starting udbd-10013.
ip-10-0-0-233: udbd-10010 (2099) started.
ip-10-0-0-233: udbd-10011 (2115) started.
ip-10-0-0-233: udbd-10012 (2134) started.
ip-10-0-0-233: udbd-10013 (2154) started.

------------------------------------------------------------------------
-------------------------------- local ---------------------------------
------------------------------------------------------------------------

============================= File summary =============================
Name             Count  Size    first       last
-------------  -------  ------  ----------  ----------
125accesslogs        5  77.8M   2014-11-09  2014-12-07
browse              30  1.9M    2014-09-01  2014-09-30
casino               1  1.1K    1970-01-01  1970-01-01
purchase            30  372.0K  2014-09-01  2014-09-30 

========================================================================

set -o pipefail; localget -f  '/home/ec2-user/EssentiaPublic/tutorials/woodworking/../../casestudies/apache/accesslogs/125-access_log-20141109' | aq_pp  -f,qui,eok,div - -d ip:ip sep:' ' X sep:' ' X sep:' [' s:time_s sep:'] "' X sep:' ' s,clf:accessedfile sep:' ' X sep:'" ' i:httpstatus sep:' ' i:pagebytes sep:' "' X sep:'" "' X sep:'"' X -eval i:time 'DateToTime(time_s, "d.b.Y.H.M.S.z")' -filt 'httpstatus == 200 || httpstatus == 304' -eval i:hitcount '1' -if -filt '(PatCmp(accessedfile, "*.html[?,#]?*", "ncas") || PatCmp(accessedfile, "*.htm[?,#]?*", "ncas") || PatCmp(accessedfile, "*.php[?,#]?*", "ncas") || PatCmp(accessedfile, "*.asp[?,#]?*", "ncas") || PatCmp(accessedfile, "*/", "ncas") || PatCmp(accessedfile, "*.php", "ncas"))' -eval i:pagecount '1' -eval s:pageurl 'accessedfile' -else -eval pagecount '0' -endif -eval s:month 'TimeToDate(time,"%B")' -eval s:day 'TimeToDate(time,"%d")' -eval s:dayoftheweek 'TimeToDate(time,"%a")' -eval s:hour 'TimeToDate(time,"%H")' -ddef -udb -imp logsapache1:vector1 -udb -imp logsapache2:vector2 -udb -imp logsapache3:vector3 -udb -imp logsapache4:vector4
set -o pipefail; localget -f  '/home/ec2-user/EssentiaPublic/tutorials/woodworking/../../casestudies/apache/accesslogs/125-access_log-20141116' | aq_pp  -f,qui,eok,div - -d ip:ip sep:' ' X sep:' ' X sep:' [' s:time_s sep:'] "' X sep:' ' s,clf:accessedfile sep:' ' X sep:'" ' i:httpstatus sep:' ' i:pagebytes sep:' "' X sep:'" "' X sep:'"' X -eval i:time 'DateToTime(time_s, "d.b.Y.H.M.S.z")' -filt 'httpstatus == 200 || httpstatus == 304' -eval i:hitcount '1' -if -filt '(PatCmp(accessedfile, "*.html[?,#]?*", "ncas") || PatCmp(accessedfile, "*.htm[?,#]?*", "ncas") || PatCmp(accessedfile, "*.php[?,#]?*", "ncas") || PatCmp(accessedfile, "*.asp[?,#]?*", "ncas") || PatCmp(accessedfile, "*/", "ncas") || PatCmp(accessedfile, "*.php", "ncas"))' -eval i:pagecount '1' -eval s:pageurl 'accessedfile' -else -eval pagecount '0' -endif -eval s:month 'TimeToDate(time,"%B")' -eval s:day 'TimeToDate(time,"%d")' -eval s:dayoftheweek 'TimeToDate(time,"%a")' -eval s:hour 'TimeToDate(time,"%H")' -ddef -udb -imp logsapache1:vector1 -udb -imp logsapache2:vector2 -udb -imp logsapache3:vector3 -udb -imp logsapache4:vector4
set -o pipefail; localget -f  '/home/ec2-user/EssentiaPublic/tutorials/woodworking/../../casestudies/apache/accesslogs/125-access_log-20141123' | aq_pp  -f,qui,eok,div - -d ip:ip sep:' ' X sep:' ' X sep:' [' s:time_s sep:'] "' X sep:' ' s,clf:accessedfile sep:' ' X sep:'" ' i:httpstatus sep:' ' i:pagebytes sep:' "' X sep:'" "' X sep:'"' X -eval i:time 'DateToTime(time_s, "d.b.Y.H.M.S.z")' -filt 'httpstatus == 200 || httpstatus == 304' -eval i:hitcount '1' -if -filt '(PatCmp(accessedfile, "*.html[?,#]?*", "ncas") || PatCmp(accessedfile, "*.htm[?,#]?*", "ncas") || PatCmp(accessedfile, "*.php[?,#]?*", "ncas") || PatCmp(accessedfile, "*.asp[?,#]?*", "ncas") || PatCmp(accessedfile, "*/", "ncas") || PatCmp(accessedfile, "*.php", "ncas"))' -eval i:pagecount '1' -eval s:pageurl 'accessedfile' -else -eval pagecount '0' -endif -eval s:month 'TimeToDate(time,"%B")' -eval s:day 'TimeToDate(time,"%d")' -eval s:dayoftheweek 'TimeToDate(time,"%a")' -eval s:hour 'TimeToDate(time,"%H")' -ddef -udb -imp logsapache1:vector1 -udb -imp logsapache2:vector2 -udb -imp logsapache3:vector3 -udb -imp logsapache4:vector4
set -o pipefail; localget -f  '/home/ec2-user/EssentiaPublic/tutorials/woodworking/../../casestudies/apache/accesslogs/125-access_log-20141130' | aq_pp  -f,qui,eok,div - -d ip:ip sep:' ' X sep:' ' X sep:' [' s:time_s sep:'] "' X sep:' ' s,clf:accessedfile sep:' ' X sep:'" ' i:httpstatus sep:' ' i:pagebytes sep:' "' X sep:'" "' X sep:'"' X -eval i:time 'DateToTime(time_s, "d.b.Y.H.M.S.z")' -filt 'httpstatus == 200 || httpstatus == 304' -eval i:hitcount '1' -if -filt '(PatCmp(accessedfile, "*.html[?,#]?*", "ncas") || PatCmp(accessedfile, "*.htm[?,#]?*", "ncas") || PatCmp(accessedfile, "*.php[?,#]?*", "ncas") || PatCmp(accessedfile, "*.asp[?,#]?*", "ncas") || PatCmp(accessedfile, "*/", "ncas") || PatCmp(accessedfile, "*.php", "ncas"))' -eval i:pagecount '1' -eval s:pageurl 'accessedfile' -else -eval pagecount '0' -endif -eval s:month 'TimeToDate(time,"%B")' -eval s:day 'TimeToDate(time,"%d")' -eval s:dayoftheweek 'TimeToDate(time,"%a")' -eval s:hour 'TimeToDate(time,"%H")' -ddef -udb -imp logsapache1:vector1 -udb -imp logsapache2:vector2 -udb -imp logsapache3:vector3 -udb -imp logsapache4:vector4
set -o pipefail; localget -f  '/home/ec2-user/EssentiaPublic/tutorials/woodworking/../../casestudies/apache/accesslogs/125-access_log-20141207' | aq_pp  -f,qui,eok,div - -d ip:ip sep:' ' X sep:' ' X sep:' [' s:time_s sep:'] "' X sep:' ' s,clf:accessedfile sep:' ' X sep:'" ' i:httpstatus sep:' ' i:pagebytes sep:' "' X sep:'" "' X sep:'"' X -eval i:time 'DateToTime(time_s, "d.b.Y.H.M.S.z")' -filt 'httpstatus == 200 || httpstatus == 304' -eval i:hitcount '1' -if -filt '(PatCmp(accessedfile, "*.html[?,#]?*", "ncas") || PatCmp(accessedfile, "*.htm[?,#]?*", "ncas") || PatCmp(accessedfile, "*.php[?,#]?*", "ncas") || PatCmp(accessedfile, "*.asp[?,#]?*", "ncas") || PatCmp(accessedfile, "*/", "ncas") || PatCmp(accessedfile, "*.php", "ncas"))' -eval i:pagecount '1' -eval s:pageurl 'accessedfile' -else -eval pagecount '0' -endif -eval s:month 'TimeToDate(time,"%B")' -eval s:day 'TimeToDate(time,"%d")' -eval s:dayoftheweek 'TimeToDate(time,"%a")' -eval s:hour 'TimeToDate(time,"%H")' -ddef -udb -imp logsapache1:vector1 -udb -imp logsapache2:vector2 -udb -imp logsapache3:vector3 -udb -imp logsapache4:vector4
